2023-11-26 03:14:44,089 INFO org.springframework.boot.StartupInfoLogger [main] Starting TiendaApplication using Java 11.0.20.1 on Leandro with PID 3156 (C:\Users\defer\OneDrive\Escritorio\IFTS\tercer-cuatrimestre\pp2\folk-and-kin\backend\out\artifacts\tienda_jar\tienda.jar started by defer in C:\Users\defer\OneDrive\Escritorio\IFTS\tercer-cuatrimestre\pp2\folk-and-kin\backend\out\artifacts\tienda_jar)
2023-11-26 03:14:44,092 INFO org.springframework.boot.SpringApplication [main] No active profile set, falling back to 1 default profile: "default"
2023-11-26 03:14:45,089 INFO org.springframework.data.repository.config.RepositoryConfigurationDelegate [main] Bootstrapping Spring Data JPA repositories in DEFAULT mode.
2023-11-26 03:14:45,206 INFO org.springframework.data.repository.config.RepositoryConfigurationDelegate [main] Finished Spring Data repository scanning in 106 ms. Found 11 JPA repository interfaces.
2023-11-26 03:14:45,975 INFO org.springframework.boot.web.embedded.tomcat.TomcatWebServer [main] Tomcat initialized with port(s): 8080 (http)
2023-11-26 03:14:45,984 INFO org.apache.juli.logging.DirectJDKLog [main] Initializing ProtocolHandler ["http-nio-8080"]
2023-11-26 03:14:45,988 INFO org.apache.juli.logging.DirectJDKLog [main] Starting service [Tomcat]
2023-11-26 03:14:45,989 INFO org.apache.juli.logging.DirectJDKLog [main] Starting Servlet engine: [Apache Tomcat/9.0.82]
2023-11-26 03:14:46,084 INFO org.apache.juli.logging.DirectJDKLog [main] Initializing Spring embedded WebApplicationContext
2023-11-26 03:14:46,085 INFO org.springframework.boot.web.servlet.context.ServletWebServerApplicationContext [main] Root WebApplicationContext: initialization completed in 1957 ms
2023-11-26 03:14:46,306 INFO org.hibernate.jpa.internal.util.LogHelper [main] HHH000204: Processing PersistenceUnitInfo [name: default]
2023-11-26 03:14:46,356 INFO org.hibernate.Version [main] HHH000412: Hibernate ORM core version [WORKING]
2023-11-26 03:14:46,523 INFO org.hibernate.annotations.common.reflection.java.JavaReflectionManager [main] HCANN000001: Hibernate Commons Annotations {5.1.2.Final}
2023-11-26 03:14:46,620 INFO com.zaxxer.hikari.HikariDataSource [main] HikariPool-1 - Starting...
2023-11-26 03:14:48,483 INFO com.zaxxer.hikari.HikariDataSource [main] HikariPool-1 - Start completed.
2023-11-26 03:14:48,496 INFO org.hibernate.dialect.Dialect [main] HHH000400: Using dialect: org.hibernate.dialect.MySQL8Dialect
2023-11-26 03:14:48,750 INFO org.hibernate.validator.internal.util.Version [main] HV000001: Hibernate Validator null
2023-11-26 03:14:49,237 INFO org.hibernate.engine.transaction.jta.platform.internal.JtaPlatformInitiator [main] HHH000490: Using JtaPlatform implementation: [org.hibernate.engine.transaction.jta.platform.internal.NoJtaPlatform]
2023-11-26 03:14:49,249 INFO org.springframework.orm.jpa.AbstractEntityManagerFactoryBean [main] Initialized JPA EntityManagerFactory for persistence unit 'default'
2023-11-26 03:14:50,329 INFO org.springframework.security.web.DefaultSecurityFilterChain [main] Will secure any request with [org.springframework.security.web.session.DisableEncodeUrlFilter@408bb173, org.springframework.security.web.context.request.async.WebAsyncManagerIntegrationFilter@360d0c7a, org.springframework.security.web.context.SecurityContextPersistenceFilter@2b33f7a0, org.springframework.security.web.header.HeaderWriterFilter@171b0d3, org.springframework.web.filter.CorsFilter@32f8a37b, org.springframework.security.web.authentication.logout.LogoutFilter@4986b0ea, com.folkandkin.tienda.security.jwt.JwtAuthorizationFilter@6d94a966, org.springframework.security.web.savedrequest.RequestCacheAwareFilter@2f541f60, org.springframework.security.web.servletapi.SecurityContextHolderAwareRequestFilter@1dcc0bb8, org.springframework.security.web.authentication.AnonymousAuthenticationFilter@657e7e8, org.springframework.security.web.session.SessionManagementFilter@3b9c386d, org.springframework.security.web.access.ExceptionTranslationFilter@19f9404d, org.springframework.security.web.access.intercept.FilterSecurityInterceptor@7ccfed46]
2023-11-26 03:14:50,459 WARN org.springframework.boot.autoconfigure.orm.jpa.JpaBaseConfiguration$JpaWebConfiguration [main] spring.jpa.open-in-view is enabled by default. Therefore, database queries may be performed during view rendering. Explicitly configure spring.jpa.open-in-view to disable this warning
2023-11-26 03:14:51,301 INFO org.apache.juli.logging.DirectJDKLog [main] Starting ProtocolHandler ["http-nio-8080"]
2023-11-26 03:14:51,328 INFO org.springframework.boot.web.embedded.tomcat.TomcatWebServer [main] Tomcat started on port(s): 8080 (http) with context path '/api/v1/folkandkin'
2023-11-26 03:14:51,333 INFO org.springframework.boot.StartupInfoLogger [main] Started TiendaApplication in 7.578 seconds (JVM running for 7.966)
