2023-11-24 17:50:22,784 INFO org.springframework.boot.StartupInfoLogger [main] Starting TiendaApplication using Java 11.0.20.1 on Leandro with PID 3272 (C:\Users\defer\OneDrive\Escritorio\IFTS\tercer-cuatrimestre\pp2\folk-and-kin\backend\out\artifacts\tienda_jar\tienda.jar started by defer in C:\Users\defer\OneDrive\Escritorio\IFTS\tercer-cuatrimestre\pp2\folk-and-kin\backend\out\artifacts\tienda_jar)
2023-11-24 17:50:22,786 INFO org.springframework.boot.SpringApplication [main] No active profile set, falling back to 1 default profile: "default"
2023-11-24 17:50:23,514 INFO org.springframework.data.repository.config.RepositoryConfigurationDelegate [main] Bootstrapping Spring Data JPA repositories in DEFAULT mode.
2023-11-24 17:50:23,603 INFO org.springframework.data.repository.config.RepositoryConfigurationDelegate [main] Finished Spring Data repository scanning in 80 ms. Found 11 JPA repository interfaces.
2023-11-24 17:50:24,420 INFO org.springframework.boot.web.embedded.tomcat.TomcatWebServer [main] Tomcat initialized with port(s): 8080 (http)
2023-11-24 17:50:24,429 INFO org.apache.juli.logging.DirectJDKLog [main] Initializing ProtocolHandler ["http-nio-8080"]
2023-11-24 17:50:24,433 INFO org.apache.juli.logging.DirectJDKLog [main] Starting service [Tomcat]
2023-11-24 17:50:24,433 INFO org.apache.juli.logging.DirectJDKLog [main] Starting Servlet engine: [Apache Tomcat/9.0.82]
2023-11-24 17:50:24,568 INFO org.apache.juli.logging.DirectJDKLog [main] Initializing Spring embedded WebApplicationContext
2023-11-24 17:50:24,568 INFO org.springframework.boot.web.servlet.context.ServletWebServerApplicationContext [main] Root WebApplicationContext: initialization completed in 1742 ms
2023-11-24 17:50:24,822 INFO org.hibernate.jpa.internal.util.LogHelper [main] HHH000204: Processing PersistenceUnitInfo [name: default]
2023-11-24 17:50:24,870 INFO org.hibernate.Version [main] HHH000412: Hibernate ORM core version [WORKING]
2023-11-24 17:50:25,020 INFO org.hibernate.annotations.common.reflection.java.JavaReflectionManager [main] HCANN000001: Hibernate Commons Annotations {5.1.2.Final}
2023-11-24 17:50:25,118 INFO com.zaxxer.hikari.HikariDataSource [main] HikariPool-1 - Starting...
2023-11-24 17:50:28,890 INFO com.zaxxer.hikari.HikariDataSource [main] HikariPool-1 - Start completed.
2023-11-24 17:50:28,908 INFO org.hibernate.dialect.Dialect [main] HHH000400: Using dialect: org.hibernate.dialect.MySQL8Dialect
2023-11-24 17:50:29,121 INFO org.hibernate.validator.internal.util.Version [main] HV000001: Hibernate Validator null
2023-11-24 17:50:29,594 INFO org.hibernate.engine.transaction.jta.platform.internal.JtaPlatformInitiator [main] HHH000490: Using JtaPlatform implementation: [org.hibernate.engine.transaction.jta.platform.internal.NoJtaPlatform]
2023-11-24 17:50:29,606 INFO org.springframework.orm.jpa.AbstractEntityManagerFactoryBean [main] Initialized JPA EntityManagerFactory for persistence unit 'default'
2023-11-24 17:50:30,836 INFO org.springframework.security.web.DefaultSecurityFilterChain [main] Will secure any request with [org.springframework.security.web.session.DisableEncodeUrlFilter@5620470a, org.springframework.security.web.context.request.async.WebAsyncManagerIntegrationFilter@29682244, org.springframework.security.web.context.SecurityContextPersistenceFilter@55159007, org.springframework.security.web.header.HeaderWriterFilter@63e81ac6, org.springframework.web.filter.CorsFilter@3368cf02, org.springframework.security.web.authentication.logout.LogoutFilter@764d54a0, com.folkandkin.tienda.security.jwt.JwtAuthorizationFilter@57777c23, org.springframework.security.web.savedrequest.RequestCacheAwareFilter@2a49753, org.springframework.security.web.servletapi.SecurityContextHolderAwareRequestFilter@6e68ccc9, org.springframework.security.web.authentication.AnonymousAuthenticationFilter@2e76ade9, org.springframework.security.web.session.SessionManagementFilter@5481f204, org.springframework.security.web.access.ExceptionTranslationFilter@54c697c, org.springframework.security.web.access.intercept.FilterSecurityInterceptor@51d80f6e]
2023-11-24 17:50:30,972 WARN org.springframework.boot.autoconfigure.orm.jpa.JpaBaseConfiguration$JpaWebConfiguration [main] spring.jpa.open-in-view is enabled by default. Therefore, database queries may be performed during view rendering. Explicitly configure spring.jpa.open-in-view to disable this warning
2023-11-24 17:50:31,820 INFO org.apache.juli.logging.DirectJDKLog [main] Starting ProtocolHandler ["http-nio-8080"]
2023-11-24 17:50:31,850 INFO org.springframework.boot.web.embedded.tomcat.TomcatWebServer [main] Tomcat started on port(s): 8080 (http) with context path '/api/v1/folkandkin'
2023-11-24 17:50:31,856 INFO org.springframework.boot.StartupInfoLogger [main] Started TiendaApplication in 9.416 seconds (JVM running for 9.883)
2023-11-24 17:50:43,992 INFO org.apache.juli.logging.DirectJDKLog [http-nio-8080-exec-2] Initializing Spring DispatcherServlet 'dispatcherServlet'
2023-11-24 17:50:43,994 INFO org.springframework.web.servlet.FrameworkServlet [http-nio-8080-exec-2] Initializing Servlet 'dispatcherServlet'
2023-11-24 17:50:43,996 INFO org.springframework.web.servlet.FrameworkServlet [http-nio-8080-exec-2] Completed initialization in 2 ms
